<?xml version="1.0" encoding="UTF-8"?>
<!-- Generated by org.testng.reporters.JUnitXMLReporter -->
<testsuite ignored="0" hostname="DESKTOP-NNPQOV8" failures="0" tests="5" name="Command line test" time="0.022" errors="0" timestamp="2022-05-26T22:58:43 EEST">
  <testcase classname="product_market.ProductMarketTest" name="testIsAllNames" time="0.002"/>
  <testcase classname="product_market.ProductMarketTest" name="testIsAllPricesBelowZero" time="0.001"/>
  <testcase classname="product_market.ProductMarketTest" name="testIsAllPricesInString" time="0.0"/>
  <testcase classname="product_market.ProductMarketTest" name="testIsAllPricesOverTen" time="0.001"/>
  <testcase classname="product_market.ProductMarketTest" name="testIsAllSortedNames" time="0.001"/>
</testsuite> <!-- Command line test -->
