<?xml version="1.0" encoding="UTF-8" ?>
<testsuite tests="1" failures="1" name="TestSuite" time="0.874" errors="0" skipped="0">
  <properties>
[...]
</properties>
  <testcase classname="app.UserDetailsTest" name="testGetUserDetail" time="0.874">
    <failure message="Cannot parse object because no JSON deserializer found in classpath. Please put either Jackson (Databind) or Gson in the classpath." type="java.lang.IllegalStateException">java.lang.IllegalStateException: Cannot parse object because no JSON deserializer found in classpath. Please put either Jackson (Databind) or Gson in the classpath.
	at java.base/jdk.internal.reflect.DirectConstructorHandleAccessor.newInstance(DirectConstructorHandleAccessor.java:67)
	at java.base/java.lang.reflect.Constructor.newInstanceWithCaller(Constructor.java:499)
	at java.base/java.lang.reflect.Constructor.newInstance(Constructor.java:483)
	at org.codehaus.groovy.reflection.CachedConstructor.invoke(CachedConstructor.java:73)
	at org.codehaus.groovy.runtime.callsite.ConstructorSite$ConstructorSiteNoUnwrapNoCoerce.callConstructor(ConstructorSite.java:108)
	at org.codehaus.groovy.runtime.callsite.CallSiteArray.defaultCallConstructor(CallSiteArray.java:58)
	at org.codehaus.groovy.runtime.callsite.AbstractCallSite.callConstructor(AbstractCallSite.java:263)
	at org.codehaus.groovy.runtime.callsite.AbstractCallSite.callConstructor(AbstractCallSite.java:277)
	at io.restassured.internal.mapping.ObjectMapping.deserialize(ObjectMapping.groovy:66)
	at io.restassured.internal.mapping.ObjectMapping$deserialize.call(Unknown Source)
	at org.codehaus.groovy.runtime.callsite.CallSiteArray.defaultCall(CallSiteArray.java:46)
	at org.codehaus.groovy.runtime.callsite.AbstractCallSite.call(AbstractCallSite.java:125)
	at io.restassured.internal.RestAssuredResponseOptionsGroovyImpl.as(RestAssuredResponseOptionsGroovyImpl.groovy:231)
	at io.restassured.internal.RestAssuredResponseOptionsImpl.as(RestAssuredResponseOptionsImpl.java:169)
	at app.UserDetailsTest.testGetUserDetail(UserDetailsTest.java:26)
</failure>
    <system-out>Configuring TestNG with: org.apache.maven.surefire.testng.conf.TestNG652Configurator@1b40d5f0
[Configuration] [WARN] Detected a static method [app.UserDetailsTest.setUserHttpRequest()]. Static configuration methods can cause  unexpected behavior.
Request method:	GET
Request URI:	https://reqres.in/api/users/2
Proxy:			&lt;none&gt;
Request params:	&lt;none&gt;
Query params:	&lt;none&gt;
Form params:	&lt;none&gt;
Path params:	&lt;none&gt;
Headers:		Accept=*/*
				Content-Type=application/json
Cookies:		&lt;none&gt;
Multiparts:		&lt;none&gt;
Body:			&lt;none&gt;
HTTP/1.1 200 OK
Date: Sat, 04 Jun 2022 14:33:43 GMT
Content-Type: application/json; charset=utf-8
Transfer-Encoding: chunked
Connection: keep-alive
X-Powered-By: Express
Access-Control-Allow-Origin: *
Etag: W/&quot;118-pbdwwFo9SKNhD3Lx5iHJyngpq00&quot;
Via: 1.1 vegur
Cache-Control: max-age=14400
CF-Cache-Status: HIT
Age: 840
Expect-CT: max-age=604800, report-uri=&quot;https://report-uri.cloudflare.com/cdn-cgi/beacon/expect-ct&quot;
Report-To: {&quot;endpoints&quot;:[{&quot;url&quot;:&quot;https:\/\/a.nel.cloudflare.com\/report\/v3?s=H2Fbc8Ab8AUyJfvlyDHU2E6zRL%2FxgU13E9QAyQGLoraYj3OlzSfAjZCCFj2jlF9VRrEqCIK4eZ0S0I4j79nak%2BcAwsU9CAkS%2FAlRV66qRePGwb76xo3KHdrSYRI%3D&quot;}],&quot;group&quot;:&quot;cf-nel&quot;,&quot;max_age&quot;:604800}
NEL: {&quot;success_fraction&quot;:0,&quot;report_to&quot;:&quot;cf-nel&quot;,&quot;max_age&quot;:604800}
Vary: Accept-Encoding
Server: cloudflare
CF-RAY: 7161629caa2d2479-KBP
Content-Encoding: gzip
alt-svc: h3=&quot;:443&quot;; ma=86400, h3-29=&quot;:443&quot;; ma=86400

{
    &quot;data&quot;: {
        &quot;id&quot;: 2,
        &quot;email&quot;: &quot;janet.weaver@reqres.in&quot;,
        &quot;first_name&quot;: &quot;Janet&quot;,
        &quot;last_name&quot;: &quot;Weaver&quot;,
        &quot;avatar&quot;: &quot;https://reqres.in/img/faces/2-image.jpg&quot;
    },
    &quot;support&quot;: {
        &quot;url&quot;: &quot;https://reqres.in/#support-heading&quot;,
        &quot;text&quot;: &quot;To keep ReqRes free, contributions towards server costs are appreciated!&quot;
    }
}
</system-out>
  </testcase>
</testsuite>